<?xml version="1.0" encoding="UTF-8"?>
<!-- Generated by org.testng.reporters.JUnitXMLReporter -->
<testsuite ignored="6" hostname="MacBooks-MacBook-Pro.local" failures="4" tests="39" name="Riyadh_Tour_Automation_TESTNG" time="249.245" errors="0" timestamp="14 Jun 2020 11:19:04 GMT">
  <testcase classname="TS01_Museums" name="applicationIsOpen" time="2.126"/>
  <testcase classname="TS01_Museums" name="areAllImagesDisplayed" time="3.155"/>
  <testcase classname="TS01_Museums" name="isFifthMuseumLocationCorrect" time="5.011">
    <failure type="java.lang.AssertionError" message="expected [King Salman Science Oasis] but found [Al Safarat]">
      <![CDATA[java.lang.AssertionError: expected [King Salman Science Oasis] but found [Al Safarat]
at TS01_Museums.isFifthMuseumLocationCorrect(TS01_Museums.java:97)
at com.intellij.rt.testng.IDEARemoteTestNG.run(IDEARemoteTestNG.java:66)
at com.intellij.rt.testng.RemoteTestNGStarter.main(RemoteTestNGStarter.java:110)
... Removed 28 stack frames]]>
    </failure>
  </testcase> <!-- isFifthMuseumLocationCorrect -->
  <testcase classname="TS01_Museums" name="isFifthMuseumWorkingHoursCorrect" time="2.685"/>
  <testcase classname="TS01_Museums" name="isFirstMuseumLocationCorrect" time="4.786"/>
  <testcase classname="TS01_Museums" name="isFirstMuseumWorkingHoursCorrect" time="2.664"/>
  <testcase classname="TS01_Museums" name="isFourthMuseumLocationCorrect" time="4.318"/>
  <testcase classname="TS01_Museums" name="isFourthMuseumWorkingHoursCorrect" time="2.698"/>
  <testcase classname="TS01_Museums" name="isMuseumsTabDisplayed" time="2.435"/>
  <testcase classname="TS01_Museums" name="isSecondMuseumLocationCorrect" time="5.116">
    <failure type="java.lang.AssertionError" message="expected [Saqr Aljazeera Aviation Museum] but found [Eastern Ring Branch Rd, King Abdullah Dt.]">
      <![CDATA[java.lang.AssertionError: expected [Saqr Aljazeera Aviation Museum] but found [Eastern Ring Branch Rd, King Abdullah Dt.]
at TS01_Museums.isSecondMuseumLocationCorrect(TS01_Museums.java:63)
at com.intellij.rt.testng.IDEARemoteTestNG.run(IDEARemoteTestNG.java:66)
at com.intellij.rt.testng.RemoteTestNGStarter.main(RemoteTestNGStarter.java:110)
... Removed 28 stack frames]]>
    </failure>
  </testcase> <!-- isSecondMuseumLocationCorrect -->
  <testcase classname="TS01_Museums" name="isSecondMuseumWorkingHoursCorrect" time="2.701"/>
  <testcase classname="TS01_Museums" name="isSuccessfullyRedirectedToGoogleMaps" time="25.287"/>
  <testcase classname="TS01_Museums" name="isThirdMuseumLocationCorrect" time="7.177"/>
  <testcase classname="TS01_Museums" name="isThirdMuseumWorkingHoursCorrect" time="2.628"/>
  <testcase classname="TS02_Mosques" name="isFifthMosqueLocationCorrect" time="5.129"/>
  <testcase classname="TS02_Mosques" name="isFifthMosqueWorkingHoursCorrect" time="2.82"/>
  <testcase classname="TS02_Mosques" name="isFirstMosqueLocationCorrect" time="5.284"/>
  <testcase classname="TS02_Mosques" name="isFirstMosqueWorkingHoursCorrect" time="3.571"/>
  <testcase classname="TS02_Mosques" name="isFourthMosqueLocationCorrect" time="5.139">
    <failure type="java.lang.AssertionError" message="expected [Princess Latifa Bint Sultan Bin Abdulaziz Grand Mosque] but found [takhasussi]">
      <![CDATA[java.lang.AssertionError: expected [Princess Latifa Bint Sultan Bin Abdulaziz Grand Mosque] but found [takhasussi]
at TS02_Mosques.isFourthMosqueLocationCorrect(TS02_Mosques.java:72)
at com.intellij.rt.testng.IDEARemoteTestNG.run(IDEARemoteTestNG.java:66)
at com.intellij.rt.testng.RemoteTestNGStarter.main(RemoteTestNGStarter.java:110)
... Removed 28 stack frames]]>
    </failure>
  </testcase> <!-- isFourthMosqueLocationCorrect -->
  <testcase classname="TS02_Mosques" name="isFourthMosqueWorkingHoursCorrect" time="2.539"/>
  <testcase classname="TS02_Mosques" name="isMosqueTabDisplayed" time="2.427"/>
  <testcase classname="TS02_Mosques" name="isSecondMosqueLocationCorrect" time="4.918"/>
  <testcase classname="TS02_Mosques" name="isSecondMosqueWorkingHoursCorrect" time="2.84"/>
  <testcase classname="TS02_Mosques" name="isSuccessfullyRedirectedToGoogleMaps" time="26.472"/>
  <testcase classname="TS02_Mosques" name="isThirdMosqueLocationCorrect" time="5.374"/>
  <testcase classname="TS02_Mosques" name="isThirdMosqueWorkingHoursCorrect" time="2.753"/>
  <testcase classname="TS03_Malls" name="areAllImagesDisplayed" time="4.276"/>
  <testcase classname="TS03_Malls" name="isFifthMallLocationCorrect" time="8.185"/>
  <testcase classname="TS03_Malls" name="isFifthMallWorkingHoursCorrect" time="2.986"/>
  <testcase classname="TS03_Malls" name="isFirstMallLocationCorrect" time="7.196">
    <failure type="java.lang.AssertionError" message="expected [Al Nakheel Mall] but found [Exit 9]">
      <![CDATA[java.lang.AssertionError: expected [Al Nakheel Mall] but found [Exit 9]
at TS03_Malls.isFirstMallLocationCorrect(TS03_Malls.java:45)
at com.intellij.rt.testng.IDEARemoteTestNG.run(IDEARemoteTestNG.java:66)
at com.intellij.rt.testng.RemoteTestNGStarter.main(RemoteTestNGStarter.java:110)
... Removed 28 stack frames]]>
    </failure>
  </testcase> <!-- isFirstMallLocationCorrect -->
  <testcase classname="TS03_Malls" name="isFirstMallWorkingHoursCorrect" time="2.889"/>
  <testcase classname="TS03_Malls" name="isFourthMallLocationCorrect" time="6.465"/>
  <testcase classname="TS03_Malls" name="isFourthMallWorkingHoursCorrect" time="2.986"/>
  <testcase classname="TS03_Malls" name="isMallsTabDisplayed" time="2.647"/>
  <testcase classname="TS03_Malls" name="isSecondMallLocationCorrect" time="5.181"/>
  <testcase classname="TS03_Malls" name="isSecondMallWorkingHoursCorrect" time="8.472"/>
  <testcase classname="TS03_Malls" name="isSuccessfullyRedirectedToGoogleMaps" time="28.226"/>
  <testcase classname="TS03_Malls" name="isThirdMallLocationCorrect" time="5.248"/>
  <testcase classname="TS03_Malls" name="isThirdMallWorkingHoursCorrect" time="8.283"/>
  <testcase classname="Page" name="@BeforeTest configureExtent" time="0.0">
    <ignored/>
  </testcase> <!-- @BeforeTest configureExtent -->
  <testcase classname="Page" name="@BeforeTest configureExtent" time="0.0">
    <ignored/>
  </testcase> <!-- @BeforeTest configureExtent -->
  <testcase classname="Page" name="@BeforeTest configureExtent" time="0.0">
    <ignored/>
  </testcase> <!-- @BeforeTest configureExtent -->
  <testcase classname="Page" name="@AfterTest endReport" time="0.0">
    <ignored/>
  </testcase> <!-- @AfterTest endReport -->
  <testcase classname="Page" name="@AfterTest endReport" time="0.0">
    <ignored/>
  </testcase> <!-- @AfterTest endReport -->
  <testcase classname="Page" name="@AfterTest endReport" time="0.0">
    <ignored/>
  </testcase> <!-- @AfterTest endReport -->
</testsuite> <!-- Riyadh_Tour_Automation_TESTNG -->
