<html>
<head>
<title>TestNG:  Riyadh_Tour_Automation_TESTNG</title>
<link href="../testng.css" rel="stylesheet" type="text/css" />
<link href="../my-testng.css" rel="stylesheet" type="text/css" />

<style type="text/css">
.log { display: none;} 
.stack-trace { display: none;} 
</style>
<script type="text/javascript">
<!--
function flip(e) {
  current = e.style.display;
  if (current == 'block') {
    e.style.display = 'none';
    return 0;
  }
  else {
    e.style.display = 'block';
    return 1;
  }
}

function toggleBox(szDivId, elem, msg1, msg2)
{
  var res = -1;  if (document.getElementById) {
    res = flip(document.getElementById(szDivId));
  }
  else if (document.all) {
    // this is the way old msie versions work
    res = flip(document.all[szDivId]);
  }
  if(elem) {
    if(res == 0) elem.innerHTML = msg1; else elem.innerHTML = msg2;
  }

}

function toggleAllBoxes() {
  if (document.getElementsByTagName) {
    d = document.getElementsByTagName('div');
    for (i = 0; i < d.length; i++) {
      if (d[i].className == 'log') {
        flip(d[i]);
      }
    }
  }
}

// -->
</script>

</head>
<body>
<h2 align='center'>Riyadh_Tour_Automation_TESTNG</h2><table border='1' align="center">
<tr>
<td>Tests passed/Failed/Skipped:</td><td>35/4/0</td>
</tr><tr>
<td>Started on:</td><td>Sat Jun 13 17:42:53 AST 2020</td>
</tr>
<tr><td>Total time:</td><td>381 seconds (381333 ms)</td>
</tr><tr>
<td>Included groups:</td><td></td>
</tr><tr>
<td>Excluded groups:</td><td></td>
</tr>
</table><p/>
<small><i>(Hover the method name to see the test class name)</i></small><p/>
<table width='100%' border='1' class='invocation-failed'>
<tr><td colspan='4' align='center'><b>FAILED TESTS</b></td></tr>
<tr><td><b>Test method</b></td>
<td width="30%"><b>Exception</b></td>
<td width="10%"><b>Time (seconds)</b></td>
<td><b>Instance</b></td>
</tr>
<tr>
<td title='MuseumsPageTests.isFifthMuseumLocationCorrect()'><b>isFifthMuseumLocationCorrect</b><br>Test class: MuseumsPageTests</td>
<td><div><pre>java.lang.AssertionError: expected [King Salman Science Oasis] but found [Al Safarat]
	at MuseumsPageTests.isFifthMuseumLocationCorrect(MuseumsPageTests.java:110)
	at com.intellij.rt.testng.IDEARemoteTestNG.run(IDEARemoteTestNG.java:66)
	at com.intellij.rt.testng.RemoteTestNGStarter.main(RemoteTestNGStarter.java:110)
... Removed 28 stack frames</pre></div><a href='#' onClick='toggleBox("stack-trace621209929", this, "Click to show all stack frames", "Click to hide stack frames")'>Click to show all stack frames</a>
<div class='stack-trace' id='stack-trace621209929'><pre>java.lang.AssertionError: expected [King Salman Science Oasis] but found [Al Safarat]
	at org.testng.Assert.fail(Assert.java:96)
	at org.testng.Assert.failNotEquals(Assert.java:776)
	at org.testng.Assert.assertEqualsImpl(Assert.java:137)
	at org.testng.Assert.assertEquals(Assert.java:118)
	at org.testng.Assert.assertEquals(Assert.java:453)
	at org.testng.Assert.assertEquals(Assert.java:463)
	at MuseumsPageTests.isFifthMuseumLocationCorrect(MuseumsPageTests.java:110)
	at java.base/jdk.internal.reflect.NativeMethodAccessorImpl.invoke0(Native Method)
	at java.base/jdk.internal.reflect.NativeMethodAccessorImpl.invoke(NativeMethodAccessorImpl.java:62)
	at java.base/jdk.internal.reflect.DelegatingMethodAccessorImpl.invoke(DelegatingMethodAccessorImpl.java:43)
	at java.base/java.lang.reflect.Method.invoke(Method.java:567)
	at org.testng.internal.MethodInvocationHelper.invokeMethod(MethodInvocationHelper.java:124)
	at org.testng.internal.Invoker.invokeMethod(Invoker.java:583)
	at org.testng.internal.Invoker.invokeTestMethod(Invoker.java:719)
	at org.testng.internal.Invoker.invokeTestMethods(Invoker.java:989)
	at org.testng.internal.TestMethodWorker.invokeTestMethods(TestMethodWorker.java:125)
	at org.testng.internal.TestMethodWorker.run(TestMethodWorker.java:109)
	at org.testng.TestRunner.privateRun(TestRunner.java:648)
	at org.testng.TestRunner.run(TestRunner.java:505)
	at org.testng.SuiteRunner.runTest(SuiteRunner.java:455)
	at org.testng.SuiteRunner.runSequentially(SuiteRunner.java:450)
	at org.testng.SuiteRunner.privateRun(SuiteRunner.java:415)
	at org.testng.SuiteRunner.run(SuiteRunner.java:364)
	at org.testng.SuiteRunnerWorker.runSuite(SuiteRunnerWorker.java:52)
	at org.testng.SuiteRunnerWorker.run(SuiteRunnerWorker.java:84)
	at org.testng.TestNG.runSuitesSequentially(TestNG.java:1208)
	at org.testng.TestNG.runSuitesLocally(TestNG.java:1137)
	at org.testng.TestNG.runSuites(TestNG.java:1049)
	at org.testng.TestNG.run(TestNG.java:1017)
	at com.intellij.rt.testng.IDEARemoteTestNG.run(IDEARemoteTestNG.java:66)
	at com.intellij.rt.testng.RemoteTestNGStarter.main(RemoteTestNGStarter.java:110)
</pre></div></td>
<td>5</td>
<td>MuseumsPageTests@71d15f18</td></tr>
<tr>
<td title='MallsPageTests.isFirstMallLocationCorrect()'><b>isFirstMallLocationCorrect</b><br>Test class: MallsPageTests</td>
<td><div><pre>java.lang.AssertionError: expected [Al Nakheel Mall] but found [Exit 9]
	at MallsPageTests.isFirstMallLocationCorrect(MallsPageTests.java:49)
	at com.intellij.rt.testng.IDEARemoteTestNG.run(IDEARemoteTestNG.java:66)
	at com.intellij.rt.testng.RemoteTestNGStarter.main(RemoteTestNGStarter.java:110)
... Removed 28 stack frames</pre></div><a href='#' onClick='toggleBox("stack-trace843867341", this, "Click to show all stack frames", "Click to hide stack frames")'>Click to show all stack frames</a>
<div class='stack-trace' id='stack-trace843867341'><pre>java.lang.AssertionError: expected [Al Nakheel Mall] but found [Exit 9]
	at org.testng.Assert.fail(Assert.java:96)
	at org.testng.Assert.failNotEquals(Assert.java:776)
	at org.testng.Assert.assertEqualsImpl(Assert.java:137)
	at org.testng.Assert.assertEquals(Assert.java:118)
	at org.testng.Assert.assertEquals(Assert.java:453)
	at org.testng.Assert.assertEquals(Assert.java:463)
	at MallsPageTests.isFirstMallLocationCorrect(MallsPageTests.java:49)
	at java.base/jdk.internal.reflect.NativeMethodAccessorImpl.invoke0(Native Method)
	at java.base/jdk.internal.reflect.NativeMethodAccessorImpl.invoke(NativeMethodAccessorImpl.java:62)
	at java.base/jdk.internal.reflect.DelegatingMethodAccessorImpl.invoke(DelegatingMethodAccessorImpl.java:43)
	at java.base/java.lang.reflect.Method.invoke(Method.java:567)
	at org.testng.internal.MethodInvocationHelper.invokeMethod(MethodInvocationHelper.java:124)
	at org.testng.internal.Invoker.invokeMethod(Invoker.java:583)
	at org.testng.internal.Invoker.invokeTestMethod(Invoker.java:719)
	at org.testng.internal.Invoker.invokeTestMethods(Invoker.java:989)
	at org.testng.internal.TestMethodWorker.invokeTestMethods(TestMethodWorker.java:125)
	at org.testng.internal.TestMethodWorker.run(TestMethodWorker.java:109)
	at org.testng.TestRunner.privateRun(TestRunner.java:648)
	at org.testng.TestRunner.run(TestRunner.java:505)
	at org.testng.SuiteRunner.runTest(SuiteRunner.java:455)
	at org.testng.SuiteRunner.runSequentially(SuiteRunner.java:450)
	at org.testng.SuiteRunner.privateRun(SuiteRunner.java:415)
	at org.testng.SuiteRunner.run(SuiteRunner.java:364)
	at org.testng.SuiteRunnerWorker.runSuite(SuiteRunnerWorker.java:52)
	at org.testng.SuiteRunnerWorker.run(SuiteRunnerWorker.java:84)
	at org.testng.TestNG.runSuitesSequentially(TestNG.java:1208)
	at org.testng.TestNG.runSuitesLocally(TestNG.java:1137)
	at org.testng.TestNG.runSuites(TestNG.java:1049)
	at org.testng.TestNG.run(TestNG.java:1017)
	at com.intellij.rt.testng.IDEARemoteTestNG.run(IDEARemoteTestNG.java:66)
	at com.intellij.rt.testng.RemoteTestNGStarter.main(RemoteTestNGStarter.java:110)
</pre></div></td>
<td>7</td>
<td>MallsPageTests@3439f68d</td></tr>
<tr>
<td title='MosquesPageTests.isFourthMosqueLocationCorrect()'><b>isFourthMosqueLocationCorrect</b><br>Test class: MosquesPageTests</td>
<td><div><pre>java.lang.AssertionError: expected [Princess Latifa Bint Sultan Bin Abdulaziz Grand Mosque] but found [takhasussi]
	at MosquesPageTests.isFourthMosqueLocationCorrect(MosquesPageTests.java:90)
	at com.intellij.rt.testng.IDEARemoteTestNG.run(IDEARemoteTestNG.java:66)
	at com.intellij.rt.testng.RemoteTestNGStarter.main(RemoteTestNGStarter.java:110)
... Removed 28 stack frames</pre></div><a href='#' onClick='toggleBox("stack-trace1423639915", this, "Click to show all stack frames", "Click to hide stack frames")'>Click to show all stack frames</a>
<div class='stack-trace' id='stack-trace1423639915'><pre>java.lang.AssertionError: expected [Princess Latifa Bint Sultan Bin Abdulaziz Grand Mosque] but found [takhasussi]
	at org.testng.Assert.fail(Assert.java:96)
	at org.testng.Assert.failNotEquals(Assert.java:776)
	at org.testng.Assert.assertEqualsImpl(Assert.java:137)
	at org.testng.Assert.assertEquals(Assert.java:118)
	at org.testng.Assert.assertEquals(Assert.java:453)
	at org.testng.Assert.assertEquals(Assert.java:463)
	at MosquesPageTests.isFourthMosqueLocationCorrect(MosquesPageTests.java:90)
	at java.base/jdk.internal.reflect.NativeMethodAccessorImpl.invoke0(Native Method)
	at java.base/jdk.internal.reflect.NativeMethodAccessorImpl.invoke(NativeMethodAccessorImpl.java:62)
	at java.base/jdk.internal.reflect.DelegatingMethodAccessorImpl.invoke(DelegatingMethodAccessorImpl.java:43)
	at java.base/java.lang.reflect.Method.invoke(Method.java:567)
	at org.testng.internal.MethodInvocationHelper.invokeMethod(MethodInvocationHelper.java:124)
	at org.testng.internal.Invoker.invokeMethod(Invoker.java:583)
	at org.testng.internal.Invoker.invokeTestMethod(Invoker.java:719)
	at org.testng.internal.Invoker.invokeTestMethods(Invoker.java:989)
	at org.testng.internal.TestMethodWorker.invokeTestMethods(TestMethodWorker.java:125)
	at org.testng.internal.TestMethodWorker.run(TestMethodWorker.java:109)
	at org.testng.TestRunner.privateRun(TestRunner.java:648)
	at org.testng.TestRunner.run(TestRunner.java:505)
	at org.testng.SuiteRunner.runTest(SuiteRunner.java:455)
	at org.testng.SuiteRunner.runSequentially(SuiteRunner.java:450)
	at org.testng.SuiteRunner.privateRun(SuiteRunner.java:415)
	at org.testng.SuiteRunner.run(SuiteRunner.java:364)
	at org.testng.SuiteRunnerWorker.runSuite(SuiteRunnerWorker.java:52)
	at org.testng.SuiteRunnerWorker.run(SuiteRunnerWorker.java:84)
	at org.testng.TestNG.runSuitesSequentially(TestNG.java:1208)
	at org.testng.TestNG.runSuitesLocally(TestNG.java:1137)
	at org.testng.TestNG.runSuites(TestNG.java:1049)
	at org.testng.TestNG.run(TestNG.java:1017)
	at com.intellij.rt.testng.IDEARemoteTestNG.run(IDEARemoteTestNG.java:66)
	at com.intellij.rt.testng.RemoteTestNGStarter.main(RemoteTestNGStarter.java:110)
</pre></div></td>
<td>5</td>
<td>MosquesPageTests@dbd940d</td></tr>
<tr>
<td title='MuseumsPageTests.isSecondMuseumLocationCorrect()'><b>isSecondMuseumLocationCorrect</b><br>Test class: MuseumsPageTests</td>
<td><div><pre>java.lang.AssertionError: expected [Saqr Aljazeera Aviation Museum] but found [Eastern Ring Branch Rd, King Abdullah Dt.]
	at MuseumsPageTests.isSecondMuseumLocationCorrect(MuseumsPageTests.java:65)
	at com.intellij.rt.testng.IDEARemoteTestNG.run(IDEARemoteTestNG.java:66)
	at com.intellij.rt.testng.RemoteTestNGStarter.main(RemoteTestNGStarter.java:110)
... Removed 28 stack frames</pre></div><a href='#' onClick='toggleBox("stack-trace1713247129", this, "Click to show all stack frames", "Click to hide stack frames")'>Click to show all stack frames</a>
<div class='stack-trace' id='stack-trace1713247129'><pre>java.lang.AssertionError: expected [Saqr Aljazeera Aviation Museum] but found [Eastern Ring Branch Rd, King Abdullah Dt.]
	at org.testng.Assert.fail(Assert.java:96)
	at org.testng.Assert.failNotEquals(Assert.java:776)
	at org.testng.Assert.assertEqualsImpl(Assert.java:137)
	at org.testng.Assert.assertEquals(Assert.java:118)
	at org.testng.Assert.assertEquals(Assert.java:453)
	at org.testng.Assert.assertEquals(Assert.java:463)
	at MuseumsPageTests.isSecondMuseumLocationCorrect(MuseumsPageTests.java:65)
	at java.base/jdk.internal.reflect.NativeMethodAccessorImpl.invoke0(Native Method)
	at java.base/jdk.internal.reflect.NativeMethodAccessorImpl.invoke(NativeMethodAccessorImpl.java:62)
	at java.base/jdk.internal.reflect.DelegatingMethodAccessorImpl.invoke(DelegatingMethodAccessorImpl.java:43)
	at java.base/java.lang.reflect.Method.invoke(Method.java:567)
	at org.testng.internal.MethodInvocationHelper.invokeMethod(MethodInvocationHelper.java:124)
	at org.testng.internal.Invoker.invokeMethod(Invoker.java:583)
	at org.testng.internal.Invoker.invokeTestMethod(Invoker.java:719)
	at org.testng.internal.Invoker.invokeTestMethods(Invoker.java:989)
	at org.testng.internal.TestMethodWorker.invokeTestMethods(TestMethodWorker.java:125)
	at org.testng.internal.TestMethodWorker.run(TestMethodWorker.java:109)
	at org.testng.TestRunner.privateRun(TestRunner.java:648)
	at org.testng.TestRunner.run(TestRunner.java:505)
	at org.testng.SuiteRunner.runTest(SuiteRunner.java:455)
	at org.testng.SuiteRunner.runSequentially(SuiteRunner.java:450)
	at org.testng.SuiteRunner.privateRun(SuiteRunner.java:415)
	at org.testng.SuiteRunner.run(SuiteRunner.java:364)
	at org.testng.SuiteRunnerWorker.runSuite(SuiteRunnerWorker.java:52)
	at org.testng.SuiteRunnerWorker.run(SuiteRunnerWorker.java:84)
	at org.testng.TestNG.runSuitesSequentially(TestNG.java:1208)
	at org.testng.TestNG.runSuitesLocally(TestNG.java:1137)
	at org.testng.TestNG.runSuites(TestNG.java:1049)
	at org.testng.TestNG.run(TestNG.java:1017)
	at com.intellij.rt.testng.IDEARemoteTestNG.run(IDEARemoteTestNG.java:66)
	at com.intellij.rt.testng.RemoteTestNGStarter.main(RemoteTestNGStarter.java:110)
</pre></div></td>
<td>4</td>
<td>MuseumsPageTests@71d15f18</td></tr>
</table><p>
<table width='100%' border='1' class='invocation-passed'>
<tr><td colspan='4' align='center'><b>PASSED TESTS</b></td></tr>
<tr><td><b>Test method</b></td>
<td width="30%"><b>Exception</b></td>
<td width="10%"><b>Time (seconds)</b></td>
<td><b>Instance</b></td>
</tr>
<tr>
<td title='ApplicationRunningTest.applicationIsOpen()'><b>applicationIsOpen</b><br>Test class: ApplicationRunningTest</td>
<td></td>
<td>1</td>
<td>ApplicationRunningTest@140e5a13</td></tr>
<tr>
<td title='MallsPageTests.areAllImagesDisplayed()'><b>areAllImagesDisplayed</b><br>Test class: MallsPageTests</td>
<td></td>
<td>3</td>
<td>MallsPageTests@3439f68d</td></tr>
<tr>
<td title='MuseumsPageTests.areAllImagesDisplayed()'><b>areAllImagesDisplayed</b><br>Test class: MuseumsPageTests</td>
<td></td>
<td>3</td>
<td>MuseumsPageTests@71d15f18</td></tr>
<tr>
<td title='MallsPageTests.isFifthMallLocationCorrect()'><b>isFifthMallLocationCorrect</b><br>Test class: MallsPageTests</td>
<td></td>
<td>9</td>
<td>MallsPageTests@3439f68d</td></tr>
<tr>
<td title='MallsPageTests.isFifthMallWorkingHoursCorrect()'><b>isFifthMallWorkingHoursCorrect</b><br>Test class: MallsPageTests</td>
<td></td>
<td>3</td>
<td>MallsPageTests@3439f68d</td></tr>
<tr>
<td title='MosquesPageTests.isFifthMosqueLocationCorrect()'><b>isFifthMosqueLocationCorrect</b><br>Test class: MosquesPageTests</td>
<td></td>
<td>5</td>
<td>MosquesPageTests@dbd940d</td></tr>
<tr>
<td title='MosquesPageTests.isFifthMosqueWorkingHoursCorrect()'><b>isFifthMosqueWorkingHoursCorrect</b><br>Test class: MosquesPageTests</td>
<td></td>
<td>2</td>
<td>MosquesPageTests@dbd940d</td></tr>
<tr>
<td title='MuseumsPageTests.isFifthMuseumWorkingHoursCorrect()'><b>isFifthMuseumWorkingHoursCorrect</b><br>Test class: MuseumsPageTests</td>
<td></td>
<td>2</td>
<td>MuseumsPageTests@71d15f18</td></tr>
<tr>
<td title='MallsPageTests.isFirstMallWorkingHoursCorrect()'><b>isFirstMallWorkingHoursCorrect</b><br>Test class: MallsPageTests</td>
<td></td>
<td>3</td>
<td>MallsPageTests@3439f68d</td></tr>
<tr>
<td title='MosquesPageTests.isFirstMosqueLocationCorrect()'><b>isFirstMosqueLocationCorrect</b><br>Test class: MosquesPageTests</td>
<td></td>
<td>5</td>
<td>MosquesPageTests@dbd940d</td></tr>
<tr>
<td title='MosquesPageTests.isFirstMosqueWorkingHoursCorrect()'><b>isFirstMosqueWorkingHoursCorrect</b><br>Test class: MosquesPageTests</td>
<td></td>
<td>2</td>
<td>MosquesPageTests@dbd940d</td></tr>
<tr>
<td title='MuseumsPageTests.isFirstMuseumLocationCorrect()'><b>isFirstMuseumLocationCorrect</b><br>Test class: MuseumsPageTests</td>
<td></td>
<td>5</td>
<td>MuseumsPageTests@71d15f18</td></tr>
<tr>
<td title='MuseumsPageTests.isFirstMuseumWorkingHoursCorrect()'><b>isFirstMuseumWorkingHoursCorrect</b><br>Test class: MuseumsPageTests</td>
<td></td>
<td>2</td>
<td>MuseumsPageTests@71d15f18</td></tr>
<tr>
<td title='MallsPageTests.isFourthMallLocationCorrect()'><b>isFourthMallLocationCorrect</b><br>Test class: MallsPageTests</td>
<td></td>
<td>5</td>
<td>MallsPageTests@3439f68d</td></tr>
<tr>
<td title='MallsPageTests.isFourthMallWorkingHoursCorrect()'><b>isFourthMallWorkingHoursCorrect</b><br>Test class: MallsPageTests</td>
<td></td>
<td>3</td>
<td>MallsPageTests@3439f68d</td></tr>
<tr>
<td title='MosquesPageTests.isFourthMosqueWorkingHoursCorrect()'><b>isFourthMosqueWorkingHoursCorrect</b><br>Test class: MosquesPageTests</td>
<td></td>
<td>2</td>
<td>MosquesPageTests@dbd940d</td></tr>
<tr>
<td title='MuseumsPageTests.isFourthMuseumLocationCorrect()'><b>isFourthMuseumLocationCorrect</b><br>Test class: MuseumsPageTests</td>
<td></td>
<td>4</td>
<td>MuseumsPageTests@71d15f18</td></tr>
<tr>
<td title='MuseumsPageTests.isFourthMuseumWorkingHoursCorrect()'><b>isFourthMuseumWorkingHoursCorrect</b><br>Test class: MuseumsPageTests</td>
<td></td>
<td>2</td>
<td>MuseumsPageTests@71d15f18</td></tr>
<tr>
<td title='MallsPageTests.isMallsTabDisplayed()'><b>isMallsTabDisplayed</b><br>Test class: MallsPageTests</td>
<td></td>
<td>2</td>
<td>MallsPageTests@3439f68d</td></tr>
<tr>
<td title='MosquesPageTests.isMosqueTabDisplayed()'><b>isMosqueTabDisplayed</b><br>Test class: MosquesPageTests</td>
<td></td>
<td>3</td>
<td>MosquesPageTests@dbd940d</td></tr>
<tr>
<td title='MuseumsPageTests.isMuseumsTabDisplayed()'><b>isMuseumsTabDisplayed</b><br>Test class: MuseumsPageTests</td>
<td></td>
<td>3</td>
<td>MuseumsPageTests@71d15f18</td></tr>
<tr>
<td title='MallsPageTests.isSecondMallLocationCorrect()'><b>isSecondMallLocationCorrect</b><br>Test class: MallsPageTests</td>
<td></td>
<td>5</td>
<td>MallsPageTests@3439f68d</td></tr>
<tr>
<td title='MallsPageTests.isSecondMallWorkingHoursCorrect()'><b>isSecondMallWorkingHoursCorrect</b><br>Test class: MallsPageTests</td>
<td></td>
<td>8</td>
<td>MallsPageTests@3439f68d</td></tr>
<tr>
<td title='MosquesPageTests.isSecondMosqueLocationCorrect()'><b>isSecondMosqueLocationCorrect</b><br>Test class: MosquesPageTests</td>
<td></td>
<td>5</td>
<td>MosquesPageTests@dbd940d</td></tr>
<tr>
<td title='MosquesPageTests.isSecondMosqueWorkingHoursCorrect()'><b>isSecondMosqueWorkingHoursCorrect</b><br>Test class: MosquesPageTests</td>
<td></td>
<td>2</td>
<td>MosquesPageTests@dbd940d</td></tr>
<tr>
<td title='MuseumsPageTests.isSecondMuseumWorkingHoursCorrect()'><b>isSecondMuseumWorkingHoursCorrect</b><br>Test class: MuseumsPageTests</td>
<td></td>
<td>2</td>
<td>MuseumsPageTests@71d15f18</td></tr>
<tr>
<td title='MallsPageTests.isSuccessfullyRedirectedToGoogleMaps()'><b>isSuccessfullyRedirectedToGoogleMaps</b><br>Test class: MallsPageTests</td>
<td></td>
<td>28</td>
<td>MallsPageTests@3439f68d</td></tr>
<tr>
<td title='MosquesPageTests.isSuccessfullyRedirectedToGoogleMaps()'><b>isSuccessfullyRedirectedToGoogleMaps</b><br>Test class: MosquesPageTests</td>
<td></td>
<td>26</td>
<td>MosquesPageTests@dbd940d</td></tr>
<tr>
<td title='MuseumsPageTests.isSuccessfullyRedirectedToGoogleMaps()'><b>isSuccessfullyRedirectedToGoogleMaps</b><br>Test class: MuseumsPageTests</td>
<td></td>
<td>24</td>
<td>MuseumsPageTests@71d15f18</td></tr>
<tr>
<td title='MallsPageTests.isThirdMallLocationCorrect()'><b>isThirdMallLocationCorrect</b><br>Test class: MallsPageTests</td>
<td></td>
<td>5</td>
<td>MallsPageTests@3439f68d</td></tr>
<tr>
<td title='MallsPageTests.isThirdMallWorkingHoursCorrect()'><b>isThirdMallWorkingHoursCorrect</b><br>Test class: MallsPageTests</td>
<td></td>
<td>8</td>
<td>MallsPageTests@3439f68d</td></tr>
<tr>
<td title='MosquesPageTests.isThirdMosqueLocationCorrect()'><b>isThirdMosqueLocationCorrect</b><br>Test class: MosquesPageTests</td>
<td></td>
<td>5</td>
<td>MosquesPageTests@dbd940d</td></tr>
<tr>
<td title='MosquesPageTests.isThirdMosqueWorkingHoursCorrect()'><b>isThirdMosqueWorkingHoursCorrect</b><br>Test class: MosquesPageTests</td>
<td></td>
<td>3</td>
<td>MosquesPageTests@dbd940d</td></tr>
<tr>
<td title='MuseumsPageTests.isThirdMuseumLocationCorrect()'><b>isThirdMuseumLocationCorrect</b><br>Test class: MuseumsPageTests</td>
<td></td>
<td>7</td>
<td>MuseumsPageTests@71d15f18</td></tr>
<tr>
<td title='MuseumsPageTests.isThirdMuseumWorkingHoursCorrect()'><b>isThirdMuseumWorkingHoursCorrect</b><br>Test class: MuseumsPageTests</td>
<td></td>
<td>3</td>
<td>MuseumsPageTests@71d15f18</td></tr>
</table><p>
</body>
</html>