<?xml version="1.0" encoding="UTF-8"?>
<!-- Generated by org.testng.reporters.JUnitReportReporter -->
<testsuite hostname="MacBooks-MBP" failures="1" tests="12" name="MosquesPageTests" time="52.173" errors="0" timestamp="11 Jun 2020 07:04:42 GMT" skipped="0">
  <testcase classname="MosquesPageTests" name="isSuccessfullyRedirectedToGoogleMaps" time="5.657"/>
  <testcase classname="MosquesPageTests" name="isFourthMosqueWorkingHoursCorrect" time="2.947"/>
  <testcase classname="MosquesPageTests" name="isFifthMosqueWorkingHoursCorrect" time="2.910"/>
  <testcase classname="MosquesPageTests" name="isMosqueTabDisplayed" time="2.517"/>
  <testcase classname="MosquesPageTests" name="isFourthMosqueLocationCorrect" time="5.349">
    <failure message="expected [takhasussi] but found [Princess Latifa Bint Sultan Bin Abdulaziz Grand Mosque]" type="java.lang.AssertionError">
      <![CDATA[java.lang.AssertionError: expected [takhasussi] but found [Princess Latifa Bint Sultan Bin Abdulaziz Grand Mosque]
at org.testng.Assert.fail(Assert.java:96)
at org.testng.Assert.failNotEquals(Assert.java:776)
at org.testng.Assert.assertEqualsImpl(Assert.java:137)
at org.testng.Assert.assertEquals(Assert.java:118)
at org.testng.Assert.assertEquals(Assert.java:453)
at org.testng.Assert.assertEquals(Assert.java:463)
at MosquesPageTests.isFourthMosqueLocationCorrect(MosquesPageTests.java:67)
at java.base/jdk.internal.reflect.NativeMethodAccessorImpl.invoke0(Native Method)
at java.base/jdk.internal.reflect.NativeMethodAccessorImpl.invoke(NativeMethodAccessorImpl.java:62)
at java.base/jdk.internal.reflect.DelegatingMethodAccessorImpl.invoke(DelegatingMethodAccessorImpl.java:43)
at java.base/java.lang.reflect.Method.invoke(Method.java:567)
at org.testng.internal.MethodInvocationHelper.invokeMethod(MethodInvocationHelper.java:124)
at org.testng.internal.Invoker.invokeMethod(Invoker.java:583)
at org.testng.internal.Invoker.invokeTestMethod(Invoker.java:719)
at org.testng.internal.Invoker.invokeTestMethods(Invoker.java:989)
at org.testng.internal.TestMethodWorker.invokeTestMethods(TestMethodWorker.java:125)
at org.testng.internal.TestMethodWorker.run(TestMethodWorker.java:109)
at org.testng.TestRunner.privateRun(TestRunner.java:648)
at org.testng.TestRunner.run(TestRunner.java:505)
at org.testng.SuiteRunner.runTest(SuiteRunner.java:455)
at org.testng.SuiteRunner.runSequentially(SuiteRunner.java:450)
at org.testng.SuiteRunner.privateRun(SuiteRunner.java:415)
at org.testng.SuiteRunner.run(SuiteRunner.java:364)
at org.testng.SuiteRunnerWorker.runSuite(SuiteRunnerWorker.java:52)
at org.testng.SuiteRunnerWorker.run(SuiteRunnerWorker.java:84)
at org.testng.TestNG.runSuitesSequentially(TestNG.java:1208)
at org.testng.TestNG.runSuitesLocally(TestNG.java:1137)
at org.testng.TestNG.runSuites(TestNG.java:1049)
at org.testng.TestNG.run(TestNG.java:1017)
at com.intellij.rt.testng.IDEARemoteTestNG.run(IDEARemoteTestNG.java:66)
at com.intellij.rt.testng.RemoteTestNGStarter.main(RemoteTestNGStarter.java:110)
]]>
    </failure>
  </testcase> <!-- isFourthMosqueLocationCorrect -->
  <testcase classname="MosquesPageTests" name="isSecondMosqueWorkingHoursCorrect" time="2.877"/>
  <testcase classname="MosquesPageTests" name="isFirstMosqueLocationCorrect" time="7.254"/>
  <testcase classname="MosquesPageTests" name="isThirdMosqueWorkingHoursCorrect" time="3.032"/>
  <testcase classname="MosquesPageTests" name="isSecondMosqueLocationCorrect" time="5.321"/>
  <testcase classname="MosquesPageTests" name="isFirstMosqueWorkingHoursCorrect" time="3.032"/>
  <testcase classname="MosquesPageTests" name="isFifthMosqueLocationCorrect" time="5.463"/>
  <testcase classname="MosquesPageTests" name="isThirdMosqueLocationCorrect" time="5.814"/>
</testsuite> <!-- MosquesPageTests -->
