<?xml version="1.0" encoding="UTF-8"?>
<!-- Generated by org.testng.reporters.JUnitReportReporter -->
<testsuite hostname="MacBooks-MacBook-Pro.local" failures="1" tests="12" name="TS02_Mosques" time="70.004" errors="0" timestamp="14 Jun 2020 11:19:04 GMT" skipped="0">
  <testcase classname="TS02_Mosques" name="isMosqueTabDisplayed" time="3.160"/>
  <testcase classname="TS02_Mosques" name="isFifthMosqueLocationCorrect" time="5.130"/>
  <testcase classname="TS02_Mosques" name="isFirstMosqueLocationCorrect" time="5.284"/>
  <testcase classname="TS02_Mosques" name="isSecondMosqueLocationCorrect" time="4.918"/>
  <testcase classname="TS02_Mosques" name="isSecondMosqueWorkingHoursCorrect" time="2.841"/>
  <testcase classname="TS02_Mosques" name="isFourthMosqueLocationCorrect" time="5.140">
    <failure message="expected [Princess Latifa Bint Sultan Bin Abdulaziz Grand Mosque] but found [takhasussi]" type="java.lang.AssertionError">
      <![CDATA[java.lang.AssertionError: expected [Princess Latifa Bint Sultan Bin Abdulaziz Grand Mosque] but found [takhasussi]
at org.testng.Assert.fail(Assert.java:96)
at org.testng.Assert.failNotEquals(Assert.java:776)
at org.testng.Assert.assertEqualsImpl(Assert.java:137)
at org.testng.Assert.assertEquals(Assert.java:118)
at org.testng.Assert.assertEquals(Assert.java:453)
at org.testng.Assert.assertEquals(Assert.java:463)
at TS02_Mosques.isFourthMosqueLocationCorrect(TS02_Mosques.java:72)
at java.base/jdk.internal.reflect.NativeMethodAccessorImpl.invoke0(Native Method)
at java.base/jdk.internal.reflect.NativeMethodAccessorImpl.invoke(NativeMethodAccessorImpl.java:62)
at java.base/jdk.internal.reflect.DelegatingMethodAccessorImpl.invoke(DelegatingMethodAccessorImpl.java:43)
at java.base/java.lang.reflect.Method.invoke(Method.java:567)
at org.testng.internal.MethodInvocationHelper.invokeMethod(MethodInvocationHelper.java:124)
at org.testng.internal.Invoker.invokeMethod(Invoker.java:583)
at org.testng.internal.Invoker.invokeTestMethod(Invoker.java:719)
at org.testng.internal.Invoker.invokeTestMethods(Invoker.java:989)
at org.testng.internal.TestMethodWorker.invokeTestMethods(TestMethodWorker.java:125)
at org.testng.internal.TestMethodWorker.run(TestMethodWorker.java:109)
at org.testng.TestRunner.privateRun(TestRunner.java:648)
at org.testng.TestRunner.run(TestRunner.java:505)
at org.testng.SuiteRunner.runTest(SuiteRunner.java:455)
at org.testng.SuiteRunner.runSequentially(SuiteRunner.java:450)
at org.testng.SuiteRunner.privateRun(SuiteRunner.java:415)
at org.testng.SuiteRunner.run(SuiteRunner.java:364)
at org.testng.SuiteRunnerWorker.runSuite(SuiteRunnerWorker.java:52)
at org.testng.SuiteRunnerWorker.run(SuiteRunnerWorker.java:84)
at org.testng.TestNG.runSuitesSequentially(TestNG.java:1208)
at org.testng.TestNG.runSuitesLocally(TestNG.java:1137)
at org.testng.TestNG.runSuites(TestNG.java:1049)
at org.testng.TestNG.run(TestNG.java:1017)
at com.intellij.rt.testng.IDEARemoteTestNG.run(IDEARemoteTestNG.java:66)
at com.intellij.rt.testng.RemoteTestNGStarter.main(RemoteTestNGStarter.java:110)
]]>
    </failure>
  </testcase> <!-- isFourthMosqueLocationCorrect -->
  <testcase classname="TS02_Mosques" name="isFirstMosqueWorkingHoursCorrect" time="3.571"/>
  <testcase classname="TS02_Mosques" name="isFourthMosqueWorkingHoursCorrect" time="2.539"/>
  <testcase classname="TS02_Mosques" name="isSuccessfullyRedirectedToGoogleMaps" time="26.473"/>
  <testcase classname="TS02_Mosques" name="isFifthMosqueWorkingHoursCorrect" time="2.821"/>
  <testcase classname="TS02_Mosques" name="isThirdMosqueWorkingHoursCorrect" time="2.753"/>
  <testcase classname="TS02_Mosques" name="isThirdMosqueLocationCorrect" time="5.374"/>
</testsuite> <!-- TS02_Mosques -->
