<?xml version="1.0" encoding="UTF-8"?>
<!-- Generated by org.testng.reporters.JUnitReportReporter -->
<testsuite hostname="MacBooks-MacBook-Pro.local" failures="2" tests="13" name="MuseumsPageTests" time="119.741" errors="0" timestamp="13 Jun 2020 14:49:19 GMT" skipped="0">
  <testcase classname="MuseumsPageTests" name="isMuseumsTabDisplayed" time="6.484"/>
  <testcase classname="MuseumsPageTests" name="isFifthMuseumWorkingHoursCorrect" time="6.216"/>
  <testcase classname="MuseumsPageTests" name="isSecondMuseumWorkingHoursCorrect" time="6.919"/>
  <testcase classname="MuseumsPageTests" name="areAllImagesDisplayed" time="6.484"/>
  <testcase classname="MuseumsPageTests" name="isSecondMuseumLocationCorrect" time="8.032">
    <failure message="expected [Saqr Aljazeera Aviation Museum] but found [Eastern Ring Branch Rd, King Abdullah Dt.]" type="java.lang.AssertionError">
      <![CDATA[java.lang.AssertionError: expected [Saqr Aljazeera Aviation Museum] but found [Eastern Ring Branch Rd, King Abdullah Dt.]
at org.testng.Assert.fail(Assert.java:96)
at org.testng.Assert.failNotEquals(Assert.java:776)
at org.testng.Assert.assertEqualsImpl(Assert.java:137)
at org.testng.Assert.assertEquals(Assert.java:118)
at org.testng.Assert.assertEquals(Assert.java:453)
at org.testng.Assert.assertEquals(Assert.java:463)
at MuseumsPageTests.isSecondMuseumLocationCorrect(MuseumsPageTests.java:65)
at java.base/jdk.internal.reflect.NativeMethodAccessorImpl.invoke0(Native Method)
at java.base/jdk.internal.reflect.NativeMethodAccessorImpl.invoke(NativeMethodAccessorImpl.java:62)
at java.base/jdk.internal.reflect.DelegatingMethodAccessorImpl.invoke(DelegatingMethodAccessorImpl.java:43)
at java.base/java.lang.reflect.Method.invoke(Method.java:567)
at org.testng.internal.MethodInvocationHelper.invokeMethod(MethodInvocationHelper.java:124)
at org.testng.internal.Invoker.invokeMethod(Invoker.java:583)
at org.testng.internal.Invoker.invokeTestMethod(Invoker.java:719)
at org.testng.internal.Invoker.invokeTestMethods(Invoker.java:989)
at org.testng.internal.TestMethodWorker.invokeTestMethods(TestMethodWorker.java:125)
at org.testng.internal.TestMethodWorker.run(TestMethodWorker.java:109)
at org.testng.TestRunner.privateRun(TestRunner.java:648)
at org.testng.TestRunner.run(TestRunner.java:505)
at org.testng.SuiteRunner.runTest(SuiteRunner.java:455)
at org.testng.SuiteRunner.runSequentially(SuiteRunner.java:450)
at org.testng.SuiteRunner.privateRun(SuiteRunner.java:415)
at org.testng.SuiteRunner.run(SuiteRunner.java:364)
at org.testng.SuiteRunnerWorker.runSuite(SuiteRunnerWorker.java:52)
at org.testng.SuiteRunnerWorker.run(SuiteRunnerWorker.java:84)
at org.testng.TestNG.runSuitesSequentially(TestNG.java:1208)
at org.testng.TestNG.runSuitesLocally(TestNG.java:1137)
at org.testng.TestNG.runSuites(TestNG.java:1049)
at org.testng.TestNG.run(TestNG.java:1017)
at com.intellij.rt.testng.IDEARemoteTestNG.run(IDEARemoteTestNG.java:66)
at com.intellij.rt.testng.RemoteTestNGStarter.main(RemoteTestNGStarter.java:110)
]]>
    </failure>
  </testcase> <!-- isSecondMuseumLocationCorrect -->
  <testcase classname="MuseumsPageTests" name="isSuccessfullyRedirectedToGoogleMaps" time="28.121"/>
  <testcase classname="MuseumsPageTests" name="isFourthMuseumWorkingHoursCorrect" time="6.135"/>
  <testcase classname="MuseumsPageTests" name="isFirstMuseumWorkingHoursCorrect" time="6.088"/>
  <testcase classname="MuseumsPageTests" name="isFirstMuseumLocationCorrect" time="9.127"/>
  <testcase classname="MuseumsPageTests" name="isFifthMuseumLocationCorrect" time="8.928">
    <failure message="expected [King Salman Science Oasis] but found [Al Safarat]" type="java.lang.AssertionError">
      <![CDATA[java.lang.AssertionError: expected [King Salman Science Oasis] but found [Al Safarat]
at org.testng.Assert.fail(Assert.java:96)
at org.testng.Assert.failNotEquals(Assert.java:776)
at org.testng.Assert.assertEqualsImpl(Assert.java:137)
at org.testng.Assert.assertEquals(Assert.java:118)
at org.testng.Assert.assertEquals(Assert.java:453)
at org.testng.Assert.assertEquals(Assert.java:463)
at MuseumsPageTests.isFifthMuseumLocationCorrect(MuseumsPageTests.java:110)
at java.base/jdk.internal.reflect.NativeMethodAccessorImpl.invoke0(Native Method)
at java.base/jdk.internal.reflect.NativeMethodAccessorImpl.invoke(NativeMethodAccessorImpl.java:62)
at java.base/jdk.internal.reflect.DelegatingMethodAccessorImpl.invoke(DelegatingMethodAccessorImpl.java:43)
at java.base/java.lang.reflect.Method.invoke(Method.java:567)
at org.testng.internal.MethodInvocationHelper.invokeMethod(MethodInvocationHelper.java:124)
at org.testng.internal.Invoker.invokeMethod(Invoker.java:583)
at org.testng.internal.Invoker.invokeTestMethod(Invoker.java:719)
at org.testng.internal.Invoker.invokeTestMethods(Invoker.java:989)
at org.testng.internal.TestMethodWorker.invokeTestMethods(TestMethodWorker.java:125)
at org.testng.internal.TestMethodWorker.run(TestMethodWorker.java:109)
at org.testng.TestRunner.privateRun(TestRunner.java:648)
at org.testng.TestRunner.run(TestRunner.java:505)
at org.testng.SuiteRunner.runTest(SuiteRunner.java:455)
at org.testng.SuiteRunner.runSequentially(SuiteRunner.java:450)
at org.testng.SuiteRunner.privateRun(SuiteRunner.java:415)
at org.testng.SuiteRunner.run(SuiteRunner.java:364)
at org.testng.SuiteRunnerWorker.runSuite(SuiteRunnerWorker.java:52)
at org.testng.SuiteRunnerWorker.run(SuiteRunnerWorker.java:84)
at org.testng.TestNG.runSuitesSequentially(TestNG.java:1208)
at org.testng.TestNG.runSuitesLocally(TestNG.java:1137)
at org.testng.TestNG.runSuites(TestNG.java:1049)
at org.testng.TestNG.run(TestNG.java:1017)
at com.intellij.rt.testng.IDEARemoteTestNG.run(IDEARemoteTestNG.java:66)
at com.intellij.rt.testng.RemoteTestNGStarter.main(RemoteTestNGStarter.java:110)
]]>
    </failure>
  </testcase> <!-- isFifthMuseumLocationCorrect -->
  <testcase classname="MuseumsPageTests" name="isFourthMuseumLocationCorrect" time="8.967"/>
  <testcase classname="MuseumsPageTests" name="isThirdMuseumWorkingHoursCorrect" time="7.709"/>
  <testcase classname="MuseumsPageTests" name="isThirdMuseumLocationCorrect" time="10.531"/>
</testsuite> <!-- MuseumsPageTests -->
