<?xml version="1.0" encoding="UTF-8"?>
<!-- Generated by org.testng.reporters.JUnitReportReporter -->
<testsuite hostname="MacBooks-MacBook-Pro.local" failures="2" tests="14" name="TS01_Museums" time="74.352" errors="0" timestamp="14 Jun 2020 11:19:04 GMT" skipped="0">
  <testcase classname="TS01_Museums" name="isFirstMuseumLocationCorrect" time="5.859"/>
  <testcase classname="TS01_Museums" name="isFourthMuseumWorkingHoursCorrect" time="2.698"/>
  <testcase classname="TS01_Museums" name="isFifthMuseumWorkingHoursCorrect" time="2.685"/>
  <testcase classname="TS01_Museums" name="isFirstMuseumWorkingHoursCorrect" time="2.664"/>
  <testcase classname="TS01_Museums" name="isThirdMuseumLocationCorrect" time="7.181"/>
  <testcase classname="TS01_Museums" name="isThirdMuseumWorkingHoursCorrect" time="2.628"/>
  <testcase classname="TS01_Museums" name="isMuseumsTabDisplayed" time="2.919"/>
  <testcase classname="TS01_Museums" name="isFifthMuseumLocationCorrect" time="5.012">
    <failure message="expected [King Salman Science Oasis] but found [Al Safarat]" type="java.lang.AssertionError">
      <![CDATA[java.lang.AssertionError: expected [King Salman Science Oasis] but found [Al Safarat]
at org.testng.Assert.fail(Assert.java:96)
at org.testng.Assert.failNotEquals(Assert.java:776)
at org.testng.Assert.assertEqualsImpl(Assert.java:137)
at org.testng.Assert.assertEquals(Assert.java:118)
at org.testng.Assert.assertEquals(Assert.java:453)
at org.testng.Assert.assertEquals(Assert.java:463)
at TS01_Museums.isFifthMuseumLocationCorrect(TS01_Museums.java:97)
at java.base/jdk.internal.reflect.NativeMethodAccessorImpl.invoke0(Native Method)
at java.base/jdk.internal.reflect.NativeMethodAccessorImpl.invoke(NativeMethodAccessorImpl.java:62)
at java.base/jdk.internal.reflect.DelegatingMethodAccessorImpl.invoke(DelegatingMethodAccessorImpl.java:43)
at java.base/java.lang.reflect.Method.invoke(Method.java:567)
at org.testng.internal.MethodInvocationHelper.invokeMethod(MethodInvocationHelper.java:124)
at org.testng.internal.Invoker.invokeMethod(Invoker.java:583)
at org.testng.internal.Invoker.invokeTestMethod(Invoker.java:719)
at org.testng.internal.Invoker.invokeTestMethods(Invoker.java:989)
at org.testng.internal.TestMethodWorker.invokeTestMethods(TestMethodWorker.java:125)
at org.testng.internal.TestMethodWorker.run(TestMethodWorker.java:109)
at org.testng.TestRunner.privateRun(TestRunner.java:648)
at org.testng.TestRunner.run(TestRunner.java:505)
at org.testng.SuiteRunner.runTest(SuiteRunner.java:455)
at org.testng.SuiteRunner.runSequentially(SuiteRunner.java:450)
at org.testng.SuiteRunner.privateRun(SuiteRunner.java:415)
at org.testng.SuiteRunner.run(SuiteRunner.java:364)
at org.testng.SuiteRunnerWorker.runSuite(SuiteRunnerWorker.java:52)
at org.testng.SuiteRunnerWorker.run(SuiteRunnerWorker.java:84)
at org.testng.TestNG.runSuitesSequentially(TestNG.java:1208)
at org.testng.TestNG.runSuitesLocally(TestNG.java:1137)
at org.testng.TestNG.runSuites(TestNG.java:1049)
at org.testng.TestNG.run(TestNG.java:1017)
at com.intellij.rt.testng.IDEARemoteTestNG.run(IDEARemoteTestNG.java:66)
at com.intellij.rt.testng.RemoteTestNGStarter.main(RemoteTestNGStarter.java:110)
]]>
    </failure>
  </testcase> <!-- isFifthMuseumLocationCorrect -->
  <testcase classname="TS01_Museums" name="isSuccessfullyRedirectedToGoogleMaps" time="25.288"/>
  <testcase classname="TS01_Museums" name="areAllImagesDisplayed" time="3.156"/>
  <testcase classname="TS01_Museums" name="isFourthMuseumLocationCorrect" time="4.318"/>
  <testcase classname="TS01_Museums" name="isSecondMuseumLocationCorrect" time="5.116">
    <failure message="expected [Saqr Aljazeera Aviation Museum] but found [Eastern Ring Branch Rd, King Abdullah Dt.]" type="java.lang.AssertionError">
      <![CDATA[java.lang.AssertionError: expected [Saqr Aljazeera Aviation Museum] but found [Eastern Ring Branch Rd, King Abdullah Dt.]
at org.testng.Assert.fail(Assert.java:96)
at org.testng.Assert.failNotEquals(Assert.java:776)
at org.testng.Assert.assertEqualsImpl(Assert.java:137)
at org.testng.Assert.assertEquals(Assert.java:118)
at org.testng.Assert.assertEquals(Assert.java:453)
at org.testng.Assert.assertEquals(Assert.java:463)
at TS01_Museums.isSecondMuseumLocationCorrect(TS01_Museums.java:63)
at java.base/jdk.internal.reflect.NativeMethodAccessorImpl.invoke0(Native Method)
at java.base/jdk.internal.reflect.NativeMethodAccessorImpl.invoke(NativeMethodAccessorImpl.java:62)
at java.base/jdk.internal.reflect.DelegatingMethodAccessorImpl.invoke(DelegatingMethodAccessorImpl.java:43)
at java.base/java.lang.reflect.Method.invoke(Method.java:567)
at org.testng.internal.MethodInvocationHelper.invokeMethod(MethodInvocationHelper.java:124)
at org.testng.internal.Invoker.invokeMethod(Invoker.java:583)
at org.testng.internal.Invoker.invokeTestMethod(Invoker.java:719)
at org.testng.internal.Invoker.invokeTestMethods(Invoker.java:989)
at org.testng.internal.TestMethodWorker.invokeTestMethods(TestMethodWorker.java:125)
at org.testng.internal.TestMethodWorker.run(TestMethodWorker.java:109)
at org.testng.TestRunner.privateRun(TestRunner.java:648)
at org.testng.TestRunner.run(TestRunner.java:505)
at org.testng.SuiteRunner.runTest(SuiteRunner.java:455)
at org.testng.SuiteRunner.runSequentially(SuiteRunner.java:450)
at org.testng.SuiteRunner.privateRun(SuiteRunner.java:415)
at org.testng.SuiteRunner.run(SuiteRunner.java:364)
at org.testng.SuiteRunnerWorker.runSuite(SuiteRunnerWorker.java:52)
at org.testng.SuiteRunnerWorker.run(SuiteRunnerWorker.java:84)
at org.testng.TestNG.runSuitesSequentially(TestNG.java:1208)
at org.testng.TestNG.runSuitesLocally(TestNG.java:1137)
at org.testng.TestNG.runSuites(TestNG.java:1049)
at org.testng.TestNG.run(TestNG.java:1017)
at com.intellij.rt.testng.IDEARemoteTestNG.run(IDEARemoteTestNG.java:66)
at com.intellij.rt.testng.RemoteTestNGStarter.main(RemoteTestNGStarter.java:110)
]]>
    </failure>
  </testcase> <!-- isSecondMuseumLocationCorrect -->
  <testcase classname="TS01_Museums" name="applicationIsOpen" time="2.126"/>
  <testcase classname="TS01_Museums" name="isSecondMuseumWorkingHoursCorrect" time="2.702"/>
</testsuite> <!-- TS01_Museums -->
